<?xml version="1.0" encoding="UTF-8" ?>
<testsuite tests="1" failures="0" name="org.utils.AppTest" time="0.002" errors="0" skipped="0">
  <properties>
    <property name="java.runtime.name" value="Java(TM) SE Runtime Environment"/>
    <property name="sun.boot.library.path" value="D:\root\aplication\installpath\JDK\JDK1.8\jre\bin"/>
    <property name="java.vm.version" value="25.171-b11"/>
    <property name="java.vm.vendor" value="Oracle Corporation"/>
    <property name="maven.multiModuleProjectDirectory" value="E:\root\workpacket\git\sts\java"/>
    <property name="java.vendor.url" value="http://java.oracle.com/"/>
    <property name="path.separator" value=";"/>
    <property name="guice.disable.misplaced.annotation.check" value="true"/>
    <property name="java.vm.name" value="Java HotSpot(TM) 64-Bit Server VM"/>
    <property name="file.encoding.pkg" value="sun.io"/>
    <property name="user.script" value=""/>
    <property name="user.country" value="CN"/>
    <property name="sun.java.launcher" value="SUN_STANDARD"/>
    <property name="sun.os.patch.level" value=""/>
    <property name="java.vm.specification.name" value="Java Virtual Machine Specification"/>
    <property name="user.dir" value="E:\root\workpacket\git\sts\java"/>
    <property name="java.runtime.version" value="1.8.0_171-b11"/>
    <property name="java.awt.graphicsenv" value="sun.awt.Win32GraphicsEnvironment"/>
    <property name="java.endorsed.dirs" value="D:\root\aplication\installpath\JDK\JDK1.8\jre\lib\endorsed"/>
    <property name="os.arch" value="amd64"/>
    <property name="java.io.tmpdir" value="C:\Users\12131\AppData\Local\Temp\"/>
    <property name="line.separator" value="
"/>
    <property name="java.vm.specification.vendor" value="Oracle Corporation"/>
    <property name="user.variant" value=""/>
    <property name="os.name" value="Windows 10"/>
    <property name="classworlds.conf" value="E:\root\workpacket\git\sts\.metadata\.plugins\org.eclipse.m2e.launching\launches\m2conf7550104717329818868.tmp"/>
    <property name="jansi.force" value="true"/>
    <property name="sun.jnu.encoding" value="GBK"/>
    <property name="java.library.path" value="D:\root\aplication\installpath\JDK\JDK1.8\bin;C:\WINDOWS\Sun\Java\bin;C:\WINDOWS\system32;C:\WINDOWS;D:\root\aplication\installpath\JDK\JDK1.8\jre\bin;D:/root/aplication/installpath/JDK/JRE1.8/bin/server;D:/root/aplication/installpath/JDK/JRE1.8/bin;D:/root/aplication/installpath/JDK/JRE1.8/lib/amd64;C:\Program Files (x86)\Common Files\Oracle\Java\javapath;C:\Program Files (x86)\Intel\Intel(R) Management Engine Components\iCLS\;C:\Program Files\Intel\Intel(R) Management Engine Components\iCLS\;C:\Windows\system32;C:\Windows;C:\Windows\System32\Wbem;C:\Windows\System32\WindowsPowerShell\v1.0\;C:\Program Files (x86)\NVIDIA Corporation\PhysX\Common;C:\Program Files (x86)\Intel\Intel(R) Management Engine Components\DAL;C:\Program Files\Intel\Intel(R) Management Engine Components\DAL;C:\Program Files (x86)\Intel\Intel(R) Management Engine Components\IPT;C:\Program Files\Intel\Intel(R) Management Engine Components\IPT;C:\Program Files\Intel\WiFi\bin\;C:\Program Files\Common Files\Intel\WirelessCommon\;C:\WINDOWS\system32;C:\WINDOWS;C:\WINDOWS\System32\Wbem;C:\WINDOWS\System32\WindowsPowerShell\v1.0\;C:\WINDOWS\System32\OpenSSH\;D:\root\aplication\installpath\JDK\JDK1.8\bin;D:\root\aplication\installpath\Maven3.6.0\bin;D:\root\aplication\installpath\Python\;C:\Program Files\NVIDIA Corporation\NVIDIA NvDLISR;D:\root\aplication\installpath\SVN\bin;D:\root\aplication\installpath\Git\cmd\;D:\root\aplication\installpath\Redis-x64-3.0.504\;D:\root\aplication\installpath\gradle-5.4.1\bin;C:\Users\12131\AppData\Local\Microsoft\WindowsApps;;D:\root\aplication\installpath\CLion\JetBrains\CLion 2018.3.3\bin;;D:\root\aplication\installpath\Eclipse\sts-4.2.1.RELEASE;;."/>
    <property name="jansi.passthrough" value="true"/>
    <property name="java.specification.name" value="Java Platform API Specification"/>
    <property name="java.class.version" value="52.0"/>
    <property name="sun.management.compiler" value="HotSpot 64-Bit Tiered Compilers"/>
    <property name="os.version" value="10.0"/>
    <property name="user.home" value="C:\Users\12131"/>
    <property name="user.timezone" value="Asia/Shanghai"/>
    <property name="java.awt.printerjob" value="sun.awt.windows.WPrinterJob"/>
    <property name="java.specification.version" value="1.8"/>
    <property name="file.encoding" value="GBK"/>
    <property name="user.name" value="脚踏实地"/>
    <property name="java.class.path" value="D:\root\aplication\installpath\Eclipse\sts-4.2.1.RELEASE\plugins\org.eclipse.m2e.maven.runtime_1.11.0.20190220-2117\jars\plexus-classworlds-2.5.2.jar;D:\root\aplication\installpath\Eclipse\sts-4.2.1.RELEASE\configuration\org.eclipse.osgi\235\0\.cp\lib\javaagent-shaded.jar"/>
    <property name="java.vm.specification.version" value="1.8"/>
    <property name="sun.arch.data.model" value="64"/>
    <property name="java.home" value="D:\root\aplication\installpath\JDK\JDK1.8\jre"/>
    <property name="sun.java.command" value="org.codehaus.plexus.classworlds.launcher.Launcher -B -gs D:\root\aplication\installpath\Maven3.6.0\conf\settings.xml -s D:\root\aplication\installpath\Maven3.6.0\conf\settings.xml install -Dstyle.color=always"/>
    <property name="java.specification.vendor" value="Oracle Corporation"/>
    <property name="user.language" value="zh"/>
    <property name="awt.toolkit" value="sun.awt.windows.WToolkit"/>
    <property name="java.vm.info" value="mixed mode"/>
    <property name="java.version" value="1.8.0_171"/>
    <property name="java.ext.dirs" value="D:\root\aplication\installpath\JDK\JDK1.8\jre\lib\ext;C:\WINDOWS\Sun\Java\lib\ext"/>
    <property name="sun.boot.class.path" value="D:\root\aplication\installpath\JDK\JDK1.8\jre\lib\resources.jar;D:\root\aplication\installpath\JDK\JDK1.8\jre\lib\rt.jar;D:\root\aplication\installpath\JDK\JDK1.8\jre\lib\sunrsasign.jar;D:\root\aplication\installpath\JDK\JDK1.8\jre\lib\jsse.jar;D:\root\aplication\installpath\JDK\JDK1.8\jre\lib\jce.jar;D:\root\aplication\installpath\JDK\JDK1.8\jre\lib\charsets.jar;D:\root\aplication\installpath\JDK\JDK1.8\jre\lib\jfr.jar;D:\root\aplication\installpath\JDK\JDK1.8\jre\classes"/>
    <property name="java.vendor" value="Oracle Corporation"/>
    <property name="maven.home" value="E:\root\workpacket\git\sts\java\EMBEDDED"/>
    <property name="style.color" value="always"/>
    <property name="file.separator" value="\"/>
    <property name="java.vendor.url.bug" value="http://bugreport.sun.com/bugreport/"/>
    <property name="sun.cpu.endian" value="little"/>
    <property name="sun.io.unicode.encoding" value="UnicodeLittle"/>
    <property name="sun.desktop" value="windows"/>
    <property name="sun.cpu.isalist" value="amd64"/>
  </properties>
  <testcase classname="org.utils.AppTest" name="testApp" time="0.002"/>
</testsuite>